Running daily automation scripts only
============================================================
Organization Skill - Running daily automation scripts
============================================================
Start time: 2026-02-19 09:04:48
Total scripts to run: 5

=== Running arxiv_digest.py ===
Description: ArXiv paper curation and summarization

=== Running hn_newsletter.py ===
Description: Hacker News newsletter creation

=== Running reddit_digest.py ===
Description: Reddit content digestion and summarization

=== Running tophub_news_simple.py ===
Description: Simple TopHub news scraping

=== Running twitter_capture.py ===
Description: Twitter content capture and summarization
✓ Success
✗ Failed (Exit code: 1)
Error: /Users/jack/Library/Python/3.9/lib/python/site-packages/urllib3/__init__.py:35: NotOpenSSLWarning: urllib3 v2 only supports OpenSSL 1.1.1+, currently the 'ssl' module is compiled with 'LibreSSL 2.8.3'. See: https://github.com/urllib3/urllib3/issues/3020
  warnings.warn(
urllib3.exceptions.ProxyError: ('Unable to connect to proxy', OSError('Tunnel connection failed: 403 Forbidden'))

The above exception was the direct cause of the following exception:

Traceback (most recent call last):
  File "/Users/jack/Library/Python/3.9/lib/python/site-packages/requests/adapters.py", line 644, in send
    resp = conn.urlopen(
  File "/Users/jack/Library/Python/3.9/lib/python/site-packages/urllib3/connectionpool.py", line 841, in urlopen
    retries = retries.increment(
  File "/Users/jack/Library/Python/3.9/lib/python/site-packages/urllib3/util/retry.py", line 535, in increment
    raise MaxRetryError(_pool, url, reason) from reason  # type: ignore[arg-type]
urllib3.exceptions.MaxRetryError: HTTPSConnectionPool(host='hacker-news.firebaseio.com', port=443): Max retries exceeded with url: /v0/topstories.json (Caused by ProxyError('Unable to connect to proxy', OSError('Tunnel connection failed: 403 Forbidden')))

During handling of the above exception, another exception occurred:

Traceback (most recent call last):
  File "/Users/jack/Documents/Obsidian/AI_Vault/_scripts/hn_newsletter.py", line 147, in <module>
    main()
  File "/Users/jack/Documents/Obsidian/AI_Vault/_scripts/hn_newsletter.py", line 75, in main
    story_ids = fetch_top_stories(args.top)
  File "/Users/jack/Documents/Obsidian/AI_Vault/_scripts/hn_newsletter.py", line 30, in fetch_top_stories
    resp = requests.get(f"{HN_API}/topstories.json", timeout=10)
  File "/Users/jack/Library/Python/3.9/lib/python/site-packages/requests/api.py", line 73, in get
    return request("get", url, params=params, **kwargs)
  File "/Users/jack/Library/Python/3.9/lib/python/site-packages/requests/api.py", line 59, in request
    return session.request(method=method, url=url, **kwargs)
  File "/Users/jack/Library/Python/3.9/lib/python/site-packages/requests/sessions.py", line 589, in request
    resp = self.send(prep, **send_kwargs)
  File "/Users/jack/Library/Python/3.9/lib/python/site-packages/requests/sessions.py", line 703, in send
    r = adapter.send(request, **kwargs)
  File "/Users/jack/Library/Python/3.9/lib/python/site-packages/requests/adapters.py", line 671, in send
    raise ProxyError(e, request=request)
requests.exceptions.ProxyError: HTTPSConnectionPool(host='hacker-news.firebaseio.com', port=443): Max retries exceeded with url: /v0/topstories.json (Caused by ProxyError('Unable to connect to proxy', OSError('Tunnel connection failed: 403 Forbidden')))

✓ Success
✓ Success
✗ Failed (Exit code: 1)
Error: /Users/jack/Library/Python/3.9/lib/python/site-packages/urllib3/__init__.py:35: NotOpenSSLWarning: urllib3 v2 only supports OpenSSL 1.1.1+, currently the 'ssl' module is compiled with 'LibreSSL 2.8.3'. See: https://github.com/urllib3/urllib3/issues/3020
  warnings.warn(


=== Running daily cross-domain synthesis (sequential) ===

=== Running daily_synthesis.py ===
Description: Daily cross-domain synthesis
✗ Failed (Exit code: 1)

============================================================
Execution Summary & Reflection
============================================================

Statistics:
  Total scripts:     5
  Skipped:           0
  Ran:               6
  Successful:        3
  Failed:            3
  Total duration:    11.77 seconds
  Avg duration/script: 3.92 seconds

Execution Details:
------------------
✓ reddit_digest.py          1.06s   
✗ hn_newsletter.py          1.07s   
  Error: /Users/jack/Library/Python/3.9/lib/python/site-packages/urllib3/__init__.py:35: NotOpenSSLWarning: urllib3 v2 only supports OpenSSL 1.1.1+, currently the 'ssl' module is compiled with 'LibreSSL 2.8.3'. See: https://github.com/urllib3/urllib3/issues/3020
  warnings.warn(
urllib3.exceptions.ProxyError: ('Unable to connect to proxy', OSError('Tunnel connection failed: 403 Forbidden'))

The above exception was the direct cause of the following exception:

Traceback (most recent call last):
  File "/Users/jack/Library/Python/3.9/lib/python/site-packages/requests/adapters.py", line 644, in send
    resp = conn.urlopen(
  File "/Users/jack/Library/Python/3.9/lib/python/site-packages/urllib3/connectionpool.py", line 841, in urlopen
    retries = retries.increment(
  File "/Users/jack/Library/Python/3.9/lib/python/site-packages/urllib3/util/retry.py", line 535, in increment
    raise MaxRetryError(_pool, url, reason) from reason  # type: ignore[arg-type]
urllib3.exceptions.MaxRetryError: HTTPSConnectionPool(host='hacker-news.firebaseio.com', port=443): Max retries exceeded with url: /v0/topstories.json (Caused by ProxyError('Unable to connect to proxy', OSError('Tunnel connection failed: 403 Forbidden')))

During handling of the above exception, another exception occurred:

Traceback (most recent call last):
  File "/Users/jack/Documents/Obsidian/AI_Vault/_scripts/hn_newsletter.py", line 147, in <module>
    main()
  File "/Users/jack/Documents/Obsidian/AI_Vault/_scripts/hn_newsletter.py", line 75, in main
    story_ids = fetch_top_stories(args.top)
  File "/Users/jack/Documents/Obsidian/AI_Vault/_scripts/hn_newsletter.py", line 30, in fetch_top_stories
    resp = requests.get(f"{HN_API}/topstories.json", timeout=10)
  File "/Users/jack/Library/Python/3.9/lib/python/site-packages/requests/api.py", line 73, in get
    return request("get", url, params=params, **kwargs)
  File "/Users/jack/Library/Python/3.9/lib/python/site-packages/requests/api.py", line 59, in request
    return session.request(method=method, url=url, **kwargs)
  File "/Users/jack/Library/Python/3.9/lib/python/site-packages/requests/sessions.py", line 589, in request
    resp = self.send(prep, **send_kwargs)
  File "/Users/jack/Library/Python/3.9/lib/python/site-packages/requests/sessions.py", line 703, in send
    r = adapter.send(request, **kwargs)
  File "/Users/jack/Library/Python/3.9/lib/python/site-packages/requests/adapters.py", line 671, in send
    raise ProxyError(e, request=request)
requests.exceptions.ProxyError: HTTPSConnectionPool(host='hacker-news.firebaseio.com', port=443): Max retries exceeded with url: /v0/topstories.json (Caused by ProxyError('Unable to connect to proxy', OSError('Tunnel connection failed: 403 Forbidden')))

✓ twitter_capture.py        1.08s   
✓ arxiv_digest.py           1.15s   
✗ tophub_news_simple.py     5.10s   
  Error: /Users/jack/Library/Python/3.9/lib/python/site-packages/urllib3/__init__.py:35: NotOpenSSLWarning: urllib3 v2 only supports OpenSSL 1.1.1+, currently the 'ssl' module is compiled with 'LibreSSL 2.8.3'. See: https://github.com/urllib3/urllib3/issues/3020
  warnings.warn(

✗ daily_synthesis.py        2.30s   

Reflection:
-----------
3 out of 6 scripts failed. Check the errors above.

Key observations:
- 3 scripts successfully completed their tasks
- 3 scripts encountered errors (check logs for details)

Log file saved to: /Users/jack/Documents/Obsidian/AI_Vault/_logs/org_skill_20260219_090456.log
